Server running on port 5000
MongoDB connected
PayloadTooLargeError: request entity too large
    at readStream (/home/one-love/Téléchargements/Application Santé Pharmacie (1)/backend/node_modules/raw-body/index.js:163:17)
    at getRawBody (/home/one-love/Téléchargements/Application Santé Pharmacie (1)/backend/node_modules/raw-body/index.js:116:12)
    at read (/home/one-love/Téléchargements/Application Santé Pharmacie (1)/backend/node_modules/body-parser/lib/read.js:79:3)
    at jsonParser (/home/one-love/Téléchargements/Application Santé Pharmacie (1)/backend/node_modules/body-parser/lib/types/json.js:138:5)
    at Layer.handle [as handle_request] (/home/one-love/Téléchargements/Application Santé Pharmacie (1)/backend/node_modules/express/lib/router/layer.js:95:5)
    at trim_prefix (/home/one-love/Téléchargements/Application Santé Pharmacie (1)/backend/node_modules/express/lib/router/index.js:328:13)
    at /home/one-love/Téléchargements/Application Santé Pharmacie (1)/backend/node_modules/express/lib/router/index.js:286:9
    at router.process_params (/home/one-love/Téléchargements/Application Santé Pharmacie (1)/backend/node_modules/express/lib/router/index.js:346:12)
    at next (/home/one-love/Téléchargements/Application Santé Pharmacie (1)/backend/node_modules/express/lib/router/index.js:280:10)
    at cors (/home/one-love/Téléchargements/Application Santé Pharmacie (1)/backend/node_modules/cors/lib/index.js:188:7)
PayloadTooLargeError: request entity too large
    at readStream (/home/one-love/Téléchargements/Application Santé Pharmacie (1)/backend/node_modules/raw-body/index.js:163:17)
    at getRawBody (/home/one-love/Téléchargements/Application Santé Pharmacie (1)/backend/node_modules/raw-body/index.js:116:12)
    at read (/home/one-love/Téléchargements/Application Santé Pharmacie (1)/backend/node_modules/body-parser/lib/read.js:79:3)
    at jsonParser (/home/one-love/Téléchargements/Application Santé Pharmacie (1)/backend/node_modules/body-parser/lib/types/json.js:138:5)
    at Layer.handle [as handle_request] (/home/one-love/Téléchargements/Application Santé Pharmacie (1)/backend/node_modules/express/lib/router/layer.js:95:5)
    at trim_prefix (/home/one-love/Téléchargements/Application Santé Pharmacie (1)/backend/node_modules/express/lib/router/index.js:328:13)
    at /home/one-love/Téléchargements/Application Santé Pharmacie (1)/backend/node_modules/express/lib/router/index.js:286:9
    at router.process_params (/home/one-love/Téléchargements/Application Santé Pharmacie (1)/backend/node_modules/express/lib/router/index.js:346:12)
    at next (/home/one-love/Téléchargements/Application Santé Pharmacie (1)/backend/node_modules/express/lib/router/index.js:280:10)
    at cors (/home/one-love/Téléchargements/Application Santé Pharmacie (1)/backend/node_modules/cors/lib/index.js:188:7)
PayloadTooLargeError: request entity too large
    at readStream (/home/one-love/Téléchargements/Application Santé Pharmacie (1)/backend/node_modules/raw-body/index.js:163:17)
    at getRawBody (/home/one-love/Téléchargements/Application Santé Pharmacie (1)/backend/node_modules/raw-body/index.js:116:12)
    at read (/home/one-love/Téléchargements/Application Santé Pharmacie (1)/backend/node_modules/body-parser/lib/read.js:79:3)
    at jsonParser (/home/one-love/Téléchargements/Application Santé Pharmacie (1)/backend/node_modules/body-parser/lib/types/json.js:138:5)
    at Layer.handle [as handle_request] (/home/one-love/Téléchargements/Application Santé Pharmacie (1)/backend/node_modules/express/lib/router/layer.js:95:5)
    at trim_prefix (/home/one-love/Téléchargements/Application Santé Pharmacie (1)/backend/node_modules/express/lib/router/index.js:328:13)
    at /home/one-love/Téléchargements/Application Santé Pharmacie (1)/backend/node_modules/express/lib/router/index.js:286:9
    at router.process_params (/home/one-love/Téléchargements/Application Santé Pharmacie (1)/backend/node_modules/express/lib/router/index.js:346:12)
    at next (/home/one-love/Téléchargements/Application Santé Pharmacie (1)/backend/node_modules/express/lib/router/index.js:280:10)
    at cors (/home/one-love/Téléchargements/Application Santé Pharmacie (1)/backend/node_modules/cors/lib/index.js:188:7)
PayloadTooLargeError: request entity too large
    at readStream (/home/one-love/Téléchargements/Application Santé Pharmacie (1)/backend/node_modules/raw-body/index.js:163:17)
    at getRawBody (/home/one-love/Téléchargements/Application Santé Pharmacie (1)/backend/node_modules/raw-body/index.js:116:12)
    at read (/home/one-love/Téléchargements/Application Santé Pharmacie (1)/backend/node_modules/body-parser/lib/read.js:79:3)
    at jsonParser (/home/one-love/Téléchargements/Application Santé Pharmacie (1)/backend/node_modules/body-parser/lib/types/json.js:138:5)
    at Layer.handle [as handle_request] (/home/one-love/Téléchargements/Application Santé Pharmacie (1)/backend/node_modules/express/lib/router/layer.js:95:5)
    at trim_prefix (/home/one-love/Téléchargements/Application Santé Pharmacie (1)/backend/node_modules/express/lib/router/index.js:328:13)
    at /home/one-love/Téléchargements/Application Santé Pharmacie (1)/backend/node_modules/express/lib/router/index.js:286:9
    at router.process_params (/home/one-love/Téléchargements/Application Santé Pharmacie (1)/backend/node_modules/express/lib/router/index.js:346:12)
    at next (/home/one-love/Téléchargements/Application Santé Pharmacie (1)/backend/node_modules/express/lib/router/index.js:280:10)
    at cors (/home/one-love/Téléchargements/Application Santé Pharmacie (1)/backend/node_modules/cors/lib/index.js:188:7)
